\BOOKMARK [1][-]{section.1}{\376\377\000I\000n\000t\000r\000o\000d\000u\000c\000t\000i\000o\000n}{}% 1
\BOOKMARK [2][-]{subsection.1.1}{\376\377\000R\000\351\000s\000e\000a\000u\000\040\000d\000e\000\040\000n\000e\000u\000r\000o\000n\000e\000s\000\040\000f\000e\000e\000d\000f\000o\000r\000w\000a\000r\000d}{section.1}% 2
\BOOKMARK [2][-]{subsection.1.2}{\376\377\000S\000o\000u\000r\000c\000e\000\040\000d\000'\000i\000n\000c\000e\000r\000t\000i\000t\000u\000d\000e\000s\000\040\000d\000a\000n\000s\000\040\000u\000n\000\040\000r\000\351\000s\000e\000a\000u\000x\000\040\000d\000e\000\040\000n\000e\000u\000r\000o\000n\000e\000s}{section.1}% 3
\BOOKMARK [3][-]{subsubsection.1.2.1}{\376\377\000A\000c\000q\000u\000i\000s\000i\000t\000i\000o\000n\000\040\000d\000e\000s\000\040\000d\000o\000n\000n\000\351\000e\000s}{subsection.1.2}% 4
\BOOKMARK [3][-]{subsubsection.1.2.2}{\376\377\000S\000t\000r\000u\000c\000t\000u\000r\000e\000\040\000d\000u\000\040\000m\000o\000d\000\350\000l\000e}{subsection.1.2}% 5
\BOOKMARK [2][-]{subsection.1.3}{\376\377\000P\000r\000\351\000d\000i\000c\000t\000i\000o\000n}{section.1}% 6
\BOOKMARK [3][-]{subsubsection.1.3.1}{\376\377\000I\000n\000c\000e\000r\000t\000i\000t\000u\000d\000e\000\040\000a\000l\000\351\000a\000t\000o\000i\000r\000e}{subsection.1.3}% 7
\BOOKMARK [3][-]{subsubsection.1.3.2}{\376\377\000I\000n\000c\000e\000r\000t\000i\000t\000u\000d\000e\000\040\000\351\000p\000i\000s\000t\000\351\000m\000i\000q\000u\000e}{subsection.1.3}% 8
\BOOKMARK [1][-]{section.2}{\376\377\000R\000\351\000s\000e\000a\000u\000\040\000d\000e\000\040\000n\000e\000u\000r\000o\000n\000e\000s\000\040\000b\000a\000y\000\351\000s\000i\000e\000n\000s\000\040\000\050\000B\000N\000N\000\051}{}% 9
\BOOKMARK [2][-]{subsection.2.1}{\376\377\000M\000\351\000t\000h\000o\000d\000e\000s\000\040\000v\000a\000r\000i\000a\000t\000i\000o\000n\000n\000e\000l\000l\000e\000s}{section.2}% 10
\BOOKMARK [2][-]{subsection.2.2}{\376\377\000M\000\351\000t\000h\000o\000d\000e\000\040\000d\000e\000\040\000L\000a\000p\000l\000a\000c\000e}{section.2}% 11
\BOOKMARK [2][-]{subsection.2.3}{\376\377\000M\000\351\000t\000h\000o\000d\000e\000s\000\040\000p\000a\000r\000\040\000\351\000c\000h\000a\000n\000t\000i\000l\000l\000o\000n\000a\000g\000e\000\040\000o\000u\000\040\000M\000o\000n\000t\000e\000\040\000C\000a\000r\000l\000o}{section.2}% 12
\BOOKMARK [1][-]{section.3}{\376\377\000A\000l\000g\000o\000r\000i\000t\000h\000m\000e\000\040\000B\000N\000N\000-\000A\000B\000C\000-\000S\000S}{}% 13
\BOOKMARK [2][-]{subsection.3.1}{\376\377\000A\000B\000C\000\040\000\050\000A\000p\000p\000r\000o\000x\000i\000m\000a\000t\000e\000\040\000B\000a\000y\000e\000s\000i\000a\000n\000\040\000C\000o\000m\000p\000u\000t\000a\000t\000i\000o\000n\000\051}{section.3}% 14
\BOOKMARK [2][-]{subsection.3.2}{\376\377\000S\000S\000\040\000\050\000S\000u\000b\000s\000e\000t\000\040\000S\000i\000m\000u\000l\000a\000t\000i\000o\000n\000\051}{section.3}% 15
\BOOKMARK [2][-]{subsection.3.3}{\376\377\000P\000s\000e\000u\000d\000o\000\040\000-\000\040\000C\000o\000d\000e}{section.3}% 16
\BOOKMARK [1][-]{section.4}{\376\377\000R\000\351\000a\000l\000i\000s\000a\000t\000i\000o\000n\000s}{}% 17
\BOOKMARK [2][-]{subsection.4.1}{\376\377\000C\000o\000s\000i\000n\000u\000s\000\040\000p\000e\000r\000t\000u\000r\000b\000\351}{section.4}% 18
\BOOKMARK [2][-]{subsection.4.2}{\376\377\000S\000i\000n\000u\000s\000\040\000p\000e\000r\000t\000u\000r\000b\000\351}{section.4}% 19
\BOOKMARK [2][-]{subsection.4.3}{\376\377\000A\000p\000p\000l\000i\000c\000a\000t\000i\000o\000n}{section.4}% 20
\BOOKMARK [1][-]{section.5}{\376\377\000C\000o\000n\000c\000l\000u\000s\000i\000o\000n\000\040\000e\000t\000\040\000p\000e\000r\000s\000p\000e\000c\000t\000i\000v\000e}{}% 21
